[openclaw] date=2026-03-02
[openclaw] prompt=/Users/soonho/d2c-intel-source/prompts/openclaw_collection_brief.md
[openclaw] PRIMARY: running external runner
[openclaw-cli] attempt=1 agent=d2cintel
[openclaw-cli] timeout=600s session_id=48475cf6-3ed1-4bb9-b5d9-0499b56bc38c
[openclaw-cli] attempt_result attempt=1 agent=d2cintel reason=timeout rc=124 duration_ms=600215 records=0 payload=none backoff_s=16 session_id=48475cf6-3ed1-4bb9-b5d9-0499b56bc38c
[openclaw-cli] retrying in 16s (reason=timeout)
[openclaw-cli] attempt=2 agent=main
[openclaw-cli] timeout=600s session_id=37b4adf1-2d10-472a-ae68-a755fa0080c9
[openclaw-cli] attempt_result attempt=2 agent=main reason=jsonl_extraction_failed rc=0 duration_ms=13089 records=0 payload=text backoff_s=21 session_id=37b4adf1-2d10-472a-ae68-a755fa0080c9
[openclaw-cli] retrying in 21s (reason=jsonl_extraction_failed)
[openclaw-cli] attempt=3 agent=d2cintel
[openclaw-cli] timeout=600s session_id=3cf20dfb-e770-42c1-a22a-8f639d95c242
[openclaw-cli] attempt_result attempt=3 agent=d2cintel reason=timeout rc=124 duration_ms=600187 records=0 payload=none backoff_s=0 session_id=3cf20dfb-e770-42c1-a22a-8f639d95c242
[openclaw-cli] all retries exhausted; writing fallback
[openclaw] PRIMARY: runner failed (rc=1)
[openclaw] PRIMARY: output exists but quality below threshold (records/countries)
[openclaw] FALLBACK1: searching latest successful raw (<=21d)
[openclaw] FALLBACK1: reused raw from 2026-03-01
[openclaw] adaptive policy saved: reason=success level=0
[openclaw] output=/Users/soonho/d2c-intel-source/data/raw/openclaw_2026-03-02.jsonl (200 records)
